2026-06-14 22:45:31,611 - LogWorkerMaker.business_layer.NlogFormatGenerator - ERROR - Error Example System.DivideByZeroException: Attempted to divide by zero.
   at LogWorkerMaker.business_layer.NlogFormatGenerator.log_simulator() in F:\Desarrollo\Repositorios\logs_viewer\src\worker\LogWorkerMaker\business_layer\NlogFormatGenerator.cs:line 31
2026-06-14 22:45:33,238 - Microsoft.Extensions.Hosting.Internal.Host - ERROR - BackgroundService failed System.DivideByZeroException: Attempted to divide by zero.
   at LogWorkerMaker.business_layer.NlogFormatGenerator.log_simulator() in F:\Desarrollo\Repositorios\logs_viewer\src\worker\LogWorkerMaker\business_layer\NlogFormatGenerator.cs:line 31
   at LogWorkerMaker.Worker.ExecuteAsync(CancellationToken stoppingToken) in F:\Desarrollo\Repositorios\logs_viewer\src\worker\LogWorkerMaker\Worker.cs:line 22
   at Microsoft.Extensions.Hosting.Internal.Host.TryExecuteBackgroundServiceAsync(BackgroundService backgroundService)
2026-06-14 22:45:33,241 - Microsoft.Extensions.Hosting.Internal.Host - FATAL - The HostOptions.BackgroundServiceExceptionBehavior is configured to StopHost. A BackgroundService has thrown an unhandled exception, and the IHost instance is stopping. To avoid this behavior, configure this to Ignore; however the BackgroundService will not be restarted. System.DivideByZeroException: Attempted to divide by zero.
   at LogWorkerMaker.business_layer.NlogFormatGenerator.log_simulator() in F:\Desarrollo\Repositorios\logs_viewer\src\worker\LogWorkerMaker\business_layer\NlogFormatGenerator.cs:line 31
   at LogWorkerMaker.Worker.ExecuteAsync(CancellationToken stoppingToken) in F:\Desarrollo\Repositorios\logs_viewer\src\worker\LogWorkerMaker\Worker.cs:line 22
   at Microsoft.Extensions.Hosting.Internal.Host.TryExecuteBackgroundServiceAsync(BackgroundService backgroundService)
2026-06-14 22:48:21,789 - LogWorkerMaker.Program - DEBUG - Starting Worker Maker Service... 
2026-06-14 22:48:22,131 - Microsoft.Extensions.Hosting.Internal.Host - DEBUG - Hosting starting 
2026-06-14 22:48:24,682 - LogWorkerMaker.Worker - INFO - Log Worker Maker is running ! 
2026-06-14 22:48:24,682 - Microsoft.Hosting.Lifetime - INFO - Application started. Press Ctrl+C to shut down. 
2026-06-14 22:48:24,682 - LogWorkerMaker.business_layer.NlogFormatGenerator - INFO - Start simulation 
2026-06-14 22:48:24,682 - LogWorkerMaker.business_layer.NlogFormatGenerator - TRACE - Div Result 11/10 = 10 
2026-06-14 22:48:24,682 - LogWorkerMaker.business_layer.NlogFormatGenerator - TRACE - Div Result 10/9 = 9 
2026-06-14 22:48:24,682 - LogWorkerMaker.business_layer.NlogFormatGenerator - TRACE - Div Result 9/8 = 8 
2026-06-14 22:48:24,682 - LogWorkerMaker.business_layer.NlogFormatGenerator - TRACE - Div Result 8/7 = 7 
2026-06-14 22:48:24,682 - LogWorkerMaker.business_layer.NlogFormatGenerator - TRACE - Div Result 7/6 = 6 
2026-06-14 22:48:24,682 - LogWorkerMaker.business_layer.NlogFormatGenerator - TRACE - Div Result 6/5 = 5 
2026-06-14 22:48:24,682 - LogWorkerMaker.business_layer.NlogFormatGenerator - TRACE - Div Result 5/4 = 4 
2026-06-14 22:48:24,682 - LogWorkerMaker.business_layer.NlogFormatGenerator - TRACE - Div Result 4/3 = 3 
2026-06-14 22:48:24,682 - LogWorkerMaker.business_layer.NlogFormatGenerator - TRACE - Div Result 3/2 = 2 
2026-06-14 22:48:24,682 - LogWorkerMaker.business_layer.NlogFormatGenerator - TRACE - Div Result 2/1 = 2 
2026-06-14 22:48:24,694 - LogWorkerMaker.business_layer.NlogFormatGenerator - ERROR - Error Example System.DivideByZeroException: Attempted to divide by zero.
   at LogWorkerMaker.business_layer.NlogFormatGenerator.log_simulator() in F:\Desarrollo\Repositorios\logs_viewer\src\worker\LogWorkerMaker\business_layer\NlogFormatGenerator.cs:line 31
2026-06-14 22:48:24,694 - Microsoft.Hosting.Lifetime - INFO - Hosting environment: Development 
2026-06-14 22:48:24,710 - Microsoft.Hosting.Lifetime - INFO - Content root path: F:\Desarrollo\Repositorios\logs_viewer\src\worker\LogWorkerMaker 
2026-06-14 22:48:24,710 - Microsoft.Extensions.Hosting.Internal.Host - DEBUG - Hosting started 
2026-06-14 22:48:26,532 - Microsoft.Extensions.Hosting.Internal.Host - ERROR - BackgroundService failed System.DivideByZeroException: Attempted to divide by zero.
   at LogWorkerMaker.business_layer.NlogFormatGenerator.log_simulator() in F:\Desarrollo\Repositorios\logs_viewer\src\worker\LogWorkerMaker\business_layer\NlogFormatGenerator.cs:line 31
   at LogWorkerMaker.Worker.ExecuteAsync(CancellationToken stoppingToken) in F:\Desarrollo\Repositorios\logs_viewer\src\worker\LogWorkerMaker\Worker.cs:line 22
   at Microsoft.Extensions.Hosting.Internal.Host.TryExecuteBackgroundServiceAsync(BackgroundService backgroundService)
2026-06-14 22:48:26,532 - Microsoft.Extensions.Hosting.Internal.Host - FATAL - The HostOptions.BackgroundServiceExceptionBehavior is configured to StopHost. A BackgroundService has thrown an unhandled exception, and the IHost instance is stopping. To avoid this behavior, configure this to Ignore; however the BackgroundService will not be restarted. System.DivideByZeroException: Attempted to divide by zero.
   at LogWorkerMaker.business_layer.NlogFormatGenerator.log_simulator() in F:\Desarrollo\Repositorios\logs_viewer\src\worker\LogWorkerMaker\business_layer\NlogFormatGenerator.cs:line 31
   at LogWorkerMaker.Worker.ExecuteAsync(CancellationToken stoppingToken) in F:\Desarrollo\Repositorios\logs_viewer\src\worker\LogWorkerMaker\Worker.cs:line 22
   at Microsoft.Extensions.Hosting.Internal.Host.TryExecuteBackgroundServiceAsync(BackgroundService backgroundService)
2026-06-14 22:48:26,532 - Microsoft.Hosting.Lifetime - INFO - Application is shutting down... 
2026-06-14 22:48:26,538 - Microsoft.Extensions.Hosting.Internal.Host - DEBUG - Hosting stopping 
2026-06-14 22:48:26,538 - Microsoft.Extensions.Hosting.Internal.Host - DEBUG - Hosting stopped 
