2026-06-14 22:45:31.6118|ERROR|LogWorkerMaker.business_layer.NlogFormatGenerator|Error Example System.DivideByZeroException: Attempted to divide by zero.
   at LogWorkerMaker.business_layer.NlogFormatGenerator.log_simulator() in F:\Desarrollo\Repositorios\logs_viewer\src\worker\LogWorkerMaker\business_layer\NlogFormatGenerator.cs:line 31
2026-06-14 22:45:33.2384|ERROR|Microsoft.Extensions.Hosting.Internal.Host|BackgroundService failed System.DivideByZeroException: Attempted to divide by zero.
   at LogWorkerMaker.business_layer.NlogFormatGenerator.log_simulator() in F:\Desarrollo\Repositorios\logs_viewer\src\worker\LogWorkerMaker\business_layer\NlogFormatGenerator.cs:line 31
   at LogWorkerMaker.Worker.ExecuteAsync(CancellationToken stoppingToken) in F:\Desarrollo\Repositorios\logs_viewer\src\worker\LogWorkerMaker\Worker.cs:line 22
   at Microsoft.Extensions.Hosting.Internal.Host.TryExecuteBackgroundServiceAsync(BackgroundService backgroundService)
2026-06-14 22:45:33.2415|FATAL|Microsoft.Extensions.Hosting.Internal.Host|The HostOptions.BackgroundServiceExceptionBehavior is configured to StopHost. A BackgroundService has thrown an unhandled exception, and the IHost instance is stopping. To avoid this behavior, configure this to Ignore; however the BackgroundService will not be restarted. System.DivideByZeroException: Attempted to divide by zero.
   at LogWorkerMaker.business_layer.NlogFormatGenerator.log_simulator() in F:\Desarrollo\Repositorios\logs_viewer\src\worker\LogWorkerMaker\business_layer\NlogFormatGenerator.cs:line 31
   at LogWorkerMaker.Worker.ExecuteAsync(CancellationToken stoppingToken) in F:\Desarrollo\Repositorios\logs_viewer\src\worker\LogWorkerMaker\Worker.cs:line 22
   at Microsoft.Extensions.Hosting.Internal.Host.TryExecuteBackgroundServiceAsync(BackgroundService backgroundService)
2026-06-14 22:48:21.7898|DEBUG|LogWorkerMaker.Program|Starting Worker Maker Service... 
2026-06-14 22:48:22.1315|DEBUG|Microsoft.Extensions.Hosting.Internal.Host|Hosting starting 
2026-06-14 22:48:24.6820|INFO|LogWorkerMaker.Worker|Log Worker Maker is running ! 
2026-06-14 22:48:24.6820|INFO|Microsoft.Hosting.Lifetime|Application started. Press Ctrl+C to shut down. 
2026-06-14 22:48:24.6820|INFO|LogWorkerMaker.business_layer.NlogFormatGenerator|Start simulation 
2026-06-14 22:48:24.6820|TRACE|LogWorkerMaker.business_layer.NlogFormatGenerator|Div Result 11/10 = 10 
2026-06-14 22:48:24.6820|TRACE|LogWorkerMaker.business_layer.NlogFormatGenerator|Div Result 10/9 = 9 
2026-06-14 22:48:24.6820|TRACE|LogWorkerMaker.business_layer.NlogFormatGenerator|Div Result 9/8 = 8 
2026-06-14 22:48:24.6820|TRACE|LogWorkerMaker.business_layer.NlogFormatGenerator|Div Result 8/7 = 7 
2026-06-14 22:48:24.6820|TRACE|LogWorkerMaker.business_layer.NlogFormatGenerator|Div Result 7/6 = 6 
2026-06-14 22:48:24.6820|TRACE|LogWorkerMaker.business_layer.NlogFormatGenerator|Div Result 6/5 = 5 
2026-06-14 22:48:24.6820|TRACE|LogWorkerMaker.business_layer.NlogFormatGenerator|Div Result 5/4 = 4 
2026-06-14 22:48:24.6820|TRACE|LogWorkerMaker.business_layer.NlogFormatGenerator|Div Result 4/3 = 3 
2026-06-14 22:48:24.6820|TRACE|LogWorkerMaker.business_layer.NlogFormatGenerator|Div Result 3/2 = 2 
2026-06-14 22:48:24.6820|TRACE|LogWorkerMaker.business_layer.NlogFormatGenerator|Div Result 2/1 = 2 
2026-06-14 22:48:24.6947|ERROR|LogWorkerMaker.business_layer.NlogFormatGenerator|Error Example System.DivideByZeroException: Attempted to divide by zero.
   at LogWorkerMaker.business_layer.NlogFormatGenerator.log_simulator() in F:\Desarrollo\Repositorios\logs_viewer\src\worker\LogWorkerMaker\business_layer\NlogFormatGenerator.cs:line 31
2026-06-14 22:48:24.6947|INFO|Microsoft.Hosting.Lifetime|Hosting environment: Development 
2026-06-14 22:48:24.7107|INFO|Microsoft.Hosting.Lifetime|Content root path: F:\Desarrollo\Repositorios\logs_viewer\src\worker\LogWorkerMaker 
2026-06-14 22:48:24.7107|DEBUG|Microsoft.Extensions.Hosting.Internal.Host|Hosting started 
2026-06-14 22:48:26.5325|ERROR|Microsoft.Extensions.Hosting.Internal.Host|BackgroundService failed System.DivideByZeroException: Attempted to divide by zero.
   at LogWorkerMaker.business_layer.NlogFormatGenerator.log_simulator() in F:\Desarrollo\Repositorios\logs_viewer\src\worker\LogWorkerMaker\business_layer\NlogFormatGenerator.cs:line 31
   at LogWorkerMaker.Worker.ExecuteAsync(CancellationToken stoppingToken) in F:\Desarrollo\Repositorios\logs_viewer\src\worker\LogWorkerMaker\Worker.cs:line 22
   at Microsoft.Extensions.Hosting.Internal.Host.TryExecuteBackgroundServiceAsync(BackgroundService backgroundService)
2026-06-14 22:48:26.5325|FATAL|Microsoft.Extensions.Hosting.Internal.Host|The HostOptions.BackgroundServiceExceptionBehavior is configured to StopHost. A BackgroundService has thrown an unhandled exception, and the IHost instance is stopping. To avoid this behavior, configure this to Ignore; however the BackgroundService will not be restarted. System.DivideByZeroException: Attempted to divide by zero.
   at LogWorkerMaker.business_layer.NlogFormatGenerator.log_simulator() in F:\Desarrollo\Repositorios\logs_viewer\src\worker\LogWorkerMaker\business_layer\NlogFormatGenerator.cs:line 31
   at LogWorkerMaker.Worker.ExecuteAsync(CancellationToken stoppingToken) in F:\Desarrollo\Repositorios\logs_viewer\src\worker\LogWorkerMaker\Worker.cs:line 22
   at Microsoft.Extensions.Hosting.Internal.Host.TryExecuteBackgroundServiceAsync(BackgroundService backgroundService)
2026-06-14 22:48:26.5325|INFO|Microsoft.Hosting.Lifetime|Application is shutting down... 
2026-06-14 22:48:26.5380|DEBUG|Microsoft.Extensions.Hosting.Internal.Host|Hosting stopping 
2026-06-14 22:48:26.5380|DEBUG|Microsoft.Extensions.Hosting.Internal.Host|Hosting stopped 
